2025-06-22 11:45:54 [INFO] [object Object]
2025-06-22 11:45:54 [INFO] [object Object]
2025-06-22 11:47:05 [INFO] [object Object]
2025-06-22 11:47:05 [INFO] [object Object]
2025-06-22 12:07:22 [INFO] [object Object]
2025-06-22 12:25:05 [INFO] [object Object]
2025-06-22 12:25:06 [INFO] [object Object]
2025-06-22 12:25:08 [ERROR] [object Object]
2025-06-22 12:25:18 [INFO] [object Object]
2025-06-22 12:29:43 [INFO] [object Object]
2025-06-22 12:29:57 [INFO] [object Object]
2025-06-22 12:32:28 [INFO] [object Object]
2025-06-22 12:32:59 [INFO] [object Object]
2025-06-22 12:38:43 [INFO] 🤖 Telegram Bot SanzyXSID aktif dan siap menerima perintah.
2025-06-22 12:40:59 [INFO] [BOT] /start by 7807462423 (belum terhubung)
2025-06-22 12:42:13 [INFO] [BOT] /bind sukses - 7807462423 terhubung ke SXIDTES123
2025-06-22 12:42:27 [INFO] [object Object]
2025-06-22 12:42:27 [INFO] [BOT] /topup 56 USD oleh 7807462423 (SXIDTES123)
2025-06-22 13:10:18 [INFO] [object Object]
2025-06-22 13:10:18 [INFO] [object Object]
2025-06-22 13:10:55 [INFO] [object Object]
2025-06-22 13:10:55 [INFO] [object Object]
2025-06-22 13:16:25 [INFO] [object Object]
2025-06-22 13:16:36 [INFO] [object Object]
2025-06-22 13:18:05 [INFO] [object Object]
2025-06-22 13:18:05 [INFO] [object Object]
2025-06-22 13:18:08 [INFO] [object Object]
2025-06-22 13:18:08 [INFO] [object Object]
2025-06-22 13:19:12 [INFO] [object Object]
2025-06-22 13:19:12 [INFO] [object Object]
2025-06-22 13:19:16 [INFO] [object Object]
2025-06-22 13:19:17 [INFO] [object Object]
2025-06-22 13:19:18 [INFO] [object Object]
2025-06-22 13:19:18 [INFO] [object Object]
2025-06-22 13:19:25 [INFO] [object Object]
2025-06-22 13:19:25 [INFO] [object Object]
2025-06-22 13:19:28 [INFO] [object Object]
2025-06-22 13:19:28 [INFO] [object Object]
2025-06-22 13:20:33 [INFO] [object Object]
2025-06-22 13:20:34 [INFO] [object Object]
2025-06-22 13:20:38 [INFO] [object Object]
2025-06-22 13:20:40 [INFO] [object Object]
2025-06-22 13:20:40 [INFO] [object Object]
2025-06-22 13:20:42 [INFO] [object Object]
2025-06-22 13:21:00 [INFO] [object Object]
2025-06-22 13:21:00 [INFO] [object Object]
2025-06-22 13:21:03 [INFO] [object Object]
2025-06-22 13:21:03 [INFO] [object Object]
2025-06-22 13:35:18 [INFO] [object Object]
2025-06-22 13:35:21 [INFO] [object Object]
2025-06-22 13:35:26 [INFO] [object Object]
2025-06-22 13:36:01 [INFO] [object Object]
2025-06-22 14:08:40 [INFO] [object Object]
2025-06-22 14:08:42 [INFO] [object Object]
2025-06-22 14:09:37 [INFO] [object Object]
2025-06-22 14:09:37 [INFO] [object Object]
2025-06-22 14:10:15 [INFO] [object Object]
2025-06-22 14:10:15 [INFO] [object Object]
2025-06-22 14:13:10 [INFO] [object Object]
2025-06-22 14:13:10 [INFO] [object Object]
2025-06-22 14:13:30 [INFO] [object Object]
2025-06-22 14:13:30 [INFO] [object Object]
2025-06-22 14:14:17 [INFO] [object Object]
2025-06-22 14:14:17 [INFO] [object Object]
2025-06-22 14:14:35 [INFO] [object Object]
2025-06-22 14:14:35 [INFO] [object Object]
2025-06-22 14:16:32 [INFO] [object Object]
2025-06-22 14:16:32 [INFO] [object Object]
2025-06-22 14:16:34 [INFO] [object Object]
2025-06-22 14:16:35 [INFO] [object Object]
2025-06-22 14:17:41 [INFO] [object Object]
2025-06-22 14:17:41 [INFO] [object Object]
2025-06-22 14:19:23 [INFO] [object Object]
2025-06-22 14:19:23 [INFO] [object Object]
2025-06-22 14:19:35 [INFO] [object Object]
2025-06-22 14:19:37 [INFO] [object Object]
2025-06-22 14:23:51 [INFO] [object Object]
2025-06-22 14:23:51 [INFO] [object Object]
2025-06-22 14:24:12 [INFO] [object Object]
2025-06-22 14:24:14 [INFO] [object Object]
2025-06-22 14:24:15 [INFO] [object Object]
2025-06-22 14:24:32 [INFO] [object Object]
2025-06-22 14:24:34 [INFO] [object Object]
2025-06-22 14:24:34 [INFO] [object Object]
2025-06-22 14:24:37 [INFO] [object Object]
2025-06-22 14:24:40 [INFO] [object Object]
2025-06-22 14:30:16 [INFO] [object Object]
2025-06-22 14:30:16 [INFO] [object Object]
2025-06-22 14:30:22 [INFO] [object Object]
2025-06-22 14:30:23 [INFO] [object Object]
2025-06-22 14:30:26 [INFO] [object Object]
2025-06-22 14:30:49 [INFO] [object Object]
2025-06-22 14:30:52 [INFO] [object Object]
2025-06-22 14:30:54 [INFO] [object Object]
2025-06-22 14:31:00 [INFO] [object Object]
2025-06-22 14:32:40 [INFO] [object Object]
2025-06-22 14:32:40 [INFO] [object Object]
2025-06-22 14:32:43 [INFO] [object Object]
2025-06-22 14:32:44 [INFO] [object Object]
2025-06-22 14:32:46 [INFO] [object Object]
2025-06-22 14:33:18 [INFO] [object Object]
2025-06-22 14:33:18 [INFO] [object Object]
2025-06-22 14:37:01 [INFO] [object Object]
2025-06-22 14:37:01 [INFO] [object Object]
2025-06-22 14:49:53 [INFO] [object Object]
2025-06-22 14:49:54 [INFO] [object Object]
2025-06-22 14:55:30 [INFO] [object Object]
2025-06-22 14:55:31 [INFO] [object Object]
2025-06-22 14:55:56 [INFO] [object Object]
2025-06-22 14:55:56 [INFO] [object Object]
2025-06-22 15:02:11 [INFO] [object Object]
2025-06-22 15:02:11 [INFO] [object Object]
2025-06-22 15:02:41 [INFO] [object Object]
2025-06-22 15:02:41 [INFO] [object Object]
2025-06-22 15:14:39 [INFO] [object Object]
2025-06-22 15:22:52 [INFO] [object Object]
2025-06-22 15:22:52 [INFO] [object Object]
2025-06-22 15:26:33 [INFO] [object Object]
2025-06-22 15:26:33 [INFO] [object Object]
2025-06-22 15:26:34 [INFO] [object Object]
2025-06-22 15:42:27 [INFO] [object Object]
2025-06-22 15:42:28 [INFO] [object Object]
2025-06-22 15:42:33 [INFO] [object Object]
2025-06-22 15:42:33 [INFO] [object Object]
2025-06-22 15:43:25 [INFO] [object Object]
2025-06-22 15:43:25 [INFO] [object Object]
2025-06-22 15:44:01 [INFO] [object Object]
2025-06-22 15:44:18 [INFO] [object Object]
2025-06-22 15:47:55 [INFO] [object Object]
2025-06-22 15:47:55 [INFO] [object Object]
2025-06-22 15:50:23 [INFO] [object Object]
2025-06-22 15:54:35 [INFO] [object Object]
2025-06-22 15:54:35 [INFO] [object Object]
2025-06-22 16:06:15 [INFO] [object Object]
2025-06-22 16:07:51 [INFO] [object Object]
2025-06-22 16:07:53 [INFO] [object Object]
2025-06-22 16:13:07 [INFO] [object Object]
2025-06-22 16:13:08 [INFO] [object Object]
2025-06-22 20:01:42 [INFO] [object Object]
2025-06-22 20:01:42 [INFO] [object Object]
2025-06-22 20:52:37 [INFO] [object Object]
2025-06-22 20:52:37 [INFO] [object Object]
2025-06-22 20:53:07 [INFO] [object Object]
2025-06-22 20:55:58 [INFO] [object Object]
2025-06-22 20:56:00 [INFO] [object Object]
2025-06-22 20:58:51 [INFO] [object Object]
2025-06-22 20:58:51 [INFO] [object Object]
2025-06-22 20:59:10 [INFO] [object Object]
2025-06-22 20:59:10 [INFO] [object Object]
2025-06-22 21:07:51 [INFO] [object Object]
2025-06-22 21:07:51 [INFO] [object Object]
